<?xml version="1.0" encoding="UTF-8"?>
<!-- Generated by org.testng.reporters.JUnitReportReporter -->
<testsuite hostname="DESKTOP-0RE88GF" failures="0" tests="3" name="com.crm.qa.testcases.ContactsPageTestCase" time="84.258" errors="0" timestamp="2020-07-02T23:20:22 AEST" skipped="0">
  <testcase classname="com.crm.qa.testcases.ContactsPageTestCase" name="verifyContactsPageLabelTestcase" time="18.314"/>
  <system-out/>
  <testcase classname="com.crm.qa.testcases.ContactsPageTestCase" name="selectContactsByNameTestCase" time="41.467"/>
  <system-out/>
  <testcase classname="com.crm.qa.testcases.ContactsPageTestCase" name="selectMultipleContactsByNameTestCase" time="24.477"/>
  <system-out/>
</testsuite> <!-- com.crm.qa.testcases.ContactsPageTestCase -->
