<?xml version="1.0" encoding="UTF-8"?>
<!-- Generated by org.testng.reporters.JUnitReportReporter -->
<testsuite hostname="DESKTOP-0RE88GF" failures="0" tests="3" name="com.crm.qa.testcases.NewContactPageTestCase" time="56.658" errors="0" timestamp="2020-07-02T23:30:25 AEST" skipped="0">
  <testcase classname="com.crm.qa.testcases.NewContactPageTestCase" name="validateCreateNewContact" time="19.034"/>
  <system-out/>
  <testcase classname="com.crm.qa.testcases.NewContactPageTestCase" name="validateCreateNewContact" time="18.679"/>
  <system-out/>
  <testcase classname="com.crm.qa.testcases.NewContactPageTestCase" name="validateCreateNewContact" time="18.945"/>
  <system-out/>
</testsuite> <!-- com.crm.qa.testcases.NewContactPageTestCase -->
