<?xml version="1.0" encoding="UTF-8"?>
<!-- Generated by org.testng.reporters.JUnitReportReporter -->
<testsuite hostname="DESKTOP-0RE88GF" failures="0" tests="3" name="com.crm.qa.testcases.LoginPageTestCase" time="33.067" errors="0" timestamp="2020-06-25T18:02:58 AEST" skipped="0">
  <testcase classname="com.crm.qa.testcases.LoginPageTestCase" name="loginPageTitleTest" time="9.203"/>
  <system-out/>
  <testcase classname="com.crm.qa.testcases.LoginPageTestCase" name="crmLogoImageTest" time="9.394"/>
  <system-out/>
  <testcase classname="com.crm.qa.testcases.LoginPageTestCase" name="loginTest" time="14.470"/>
  <system-out/>
</testsuite> <!-- com.crm.qa.testcases.LoginPageTestCase -->
