<?xml version="1.0" encoding="UTF-8"?>
<!-- Generated by org.testng.reporters.JUnitReportReporter -->
<testsuite hostname="DESKTOP-0RE88GF" failures="0" tests="3" name="com.crm.qa.testcases.LoginPageTestCase" time="37.484" errors="0" timestamp="2020-07-02T12:32:41 AEST" skipped="0">
  <testcase classname="com.crm.qa.testcases.LoginPageTestCase" name="loginPageTitleTest" time="10.946"/>
  <system-out/>
  <testcase classname="com.crm.qa.testcases.LoginPageTestCase" name="crmLogoImageTest" time="10.472"/>
  <system-out/>
  <testcase classname="com.crm.qa.testcases.LoginPageTestCase" name="loginTest" time="16.066"/>
  <system-out/>
</testsuite> <!-- com.crm.qa.testcases.LoginPageTestCase -->
