<?xml version="1.0" encoding="UTF-8"?>
<!-- Generated by org.testng.reporters.JUnitReportReporter -->
<testsuite hostname="DESKTOP-0RE88GF" failures="0" tests="4" name="com.crm.qa.testcases.HomePageTestCases" time="70.564" errors="0" timestamp="2020-07-02T23:20:22 AEST" skipped="0">
  <testcase classname="com.crm.qa.testcases.HomePageTestCases" name="verifyHomePageTitleTest" time="17.621"/>
  <system-out/>
  <testcase classname="com.crm.qa.testcases.HomePageTestCases" name="verifyUserNameTest" time="17.039"/>
  <system-out/>
  <testcase classname="com.crm.qa.testcases.HomePageTestCases" name="verifyDealLinkTest" time="16.517"/>
  <system-out/>
  <testcase classname="com.crm.qa.testcases.HomePageTestCases" name="verifyContactsLinkTest" time="19.387"/>
  <system-out/>
</testsuite> <!-- com.crm.qa.testcases.HomePageTestCases -->
